QA12 - MC68HC12 Absolute crossassembler, Version 1.6.3
(c) GMV 1989-2013


File: Subroutines.lst
                            1. ;--------------------------------------------------------------
---- File: "C:\Users\Lappy\Desktop\Skola\MOP\82-101\Subroutines.s12"
                            2. ;		Subroutines.s12
                            3. ;--------------------------------------------------------------
                            4. 		USE	Labdefs.s12
---- File: "Labdefs.s12"
                            5. ;--------------------------------------
                            6. ;Labdefs.s12
                            7. ;--------------------------------------
                            8. 
                            9. ;--------------------------------------
                           10. ; ML15 Avsnitt 2
                           11. ;--------------------------------------
                           12. 
       0000 09C0           13. ML15_KeyBoardRegister	EQU	$9C0
       0000 09C2           14. ML15_DisplayMode	EQU	$9C2
       0000 09C3           15. ML15_DisplayData	EQU	$9C3
       0000 0C02           16. ML5_Segments		EQU	$C02
       0000 0C03           17. ML5_Position		EQU	$C03
       0000 0C00           18. ML5_Rows		EQU	$C00
       0000 0C01           19. ML5_Colums		EQU	$C01
                           20. 
                           21. ;--------------------------------------
                           22. ;Skrivare avsnitt 3
                           23. ;--------------------------------------
                           24. 
                           25. ;	ML19 definitioner
       0000 0DC0           26. ML19_Stat		EQU	$0DC0
                           27. ;	Kvittera händelse 1	
       0000 0DC2           28. ML19_AckIrq_1		EQU	$0DC2
                           29. ;	Nollställ händelse 2
       0000 0DC3           30. ML19_AckIrq_2		EQU	$0DC3
                           31. 
                           32. ;---------------------------------------
                           33. ;Borr avsnitt 4
                           34. ;---------------------------------------
                           35. 
                           36. ;	Adress till omkopplare och Display Borr
       0000 0600           37. DipSwitch		EQU	$0600
       0000 0700           38. HexDisplay		EQU	$0700
                           39. ;	Adress till borrmaskinens styrregister
       0000 0400           40. DrillControl		EQU	$0400
                           41. 
                           42. ;	Borrmaskinens statusregister
       0000 0401           43. DrillStatus		EQU	$0401"C:/Users/Lappy/Desktop/Skola/MOP/82-101/Subroutines.s12" line 5, ERROR: File not found: 'Delay.s12'
                           44. 		USE	Delay.s12
---- File: "C:/Users/Lappy/Desktop/Skola/MOP/82-101/Subroutines.s12"
                           45. ;----------------------------------------------------------------
                           46. ;		tidigttest					-
                           47. ;----------------------------------------------------------------
000000 00                  48. DCshadow	RMB	1 	;skuggregister för DrillControl
                           49. ;	
                           50. ;	ORG	$1000
                           51. ;	
                           52. ;start:		LDAB	#$FF
                           53. ;		STAB	DCshadow
                           54. ;		
                           55. ;Loop:		LDAB	DipSwitch
                           56. ;		JSR	Outzero
                           57. ;		
                           58. ;		LDAA	DCshadow
                           59. ;		STAA	DrillStatus
                           60. ;		JMP 	start
                           61. ;		
                           62. ;---------------------------------------------
000001 51                  63. Outzero:	COMB
000002 F4 00 00            64. 		ANDB	DCshadow
000005 7B 00 00            65. 		STAB	DCshadow
000008 7B 04 00            66. 		STAB	DrillControl
00000B 3D                  67. 		RTS	
00000C                     68. 		
                           69. ;---------------------------------------------		
00000C                     70. Outone:		
00000C FA 00 00            71. 		ORAB	DCshadow
00000F 7B 00 00            72. 		STAB	DCshadow
000012 7B 04 00            73. 		STAB	DrillControl
000015 3D                  74. 		RTS
                           75. ;---------------------------------------------
000016 36                  76. MotorStart:	PSHA
000017 37                  77. 		PSHB
000018 B6 00 00            78. 		LDAA	DCshadow
00001B 81 04               79. 		CMPA	#4
00001D 27 0A               80. 		BEQ	MSklar
00001F C6 04               81. 		LDAB	#4
000021 16 00 0C            82. 		JSR	Outone
000024 C6 04               83. 		LDAB	#4
"C:/Users/Lappy/Desktop/Skola/MOP/82-101/Subroutines.s12" line 45, ERROR: Undefined symbol 'Delay'
000026 16 00 00            84. 		JSR	Delay
000029 32                  85. MSklar:		PULA
00002A 33                  86. 		PULB
00002B 3D                  87. 		RTS
                           88. ;---------------------------------------------
00002C 36                  89. MotorStop:	PSHA
00002D 37                  90. 		PSHB
00002E C6 04               91. 		LDAB	#4
000030 16 00 01            92. 		JSR	Outzero
000033 32                  93. 		PULA
000034 33                  94. 		PULB
000035 3D                  95. 		RTS
                           96. ;---------------------------------------------
000036 37                  97. DrillDown:	PSHB
000037 C6 08               98. 		LDAB	#8
000039 16 00 0C            99. 		JSR	Outone
00003C 33                 100. 		PULB
00003D 3D                 101. 		RTS
                          102. ;---------------------------------------------
00003E 37                 103. DrillUp:	PSHB
00003F C6 08              104. 		LDAB	#8
000041 16 00 01           105. 		JSR	Outzero
000044 C6 04              106. 		LDAB	#4
"C:/Users/Lappy/Desktop/Skola/MOP/82-101/Subroutines.s12" line 68, ERROR: Undefined symbol 'Delay'
000046 16 00 00           107. 		JSR	Delay
000049 33                 108. 		PULB
00004A 3D                 109. 		RTS
                          110. ;---------------------------------------------
                          111. 
                          112. ;---------------------------------------------
                          113. ;---------------------------------------------
                          114. ;---------------------------------------------
                          115. ;---------------------------------------------
                          116. ;---------------------------------------------

****** Total Errors: 3
